2011-05-11 10:27:08,800 [main] ERROR com.polarion.platform.persistence.pe.llp  - Error at bundleresource://23/META-INF/pe-hivemodule.xml, line 7, column 89: Unable to initialize service com.polarion.platform.persistence.pe.llp (by invoking method initializeService on com.polarion.platform.persistence.internal.pe.LowLevelDataService): org/eclipse/jgit/api/errors/GitAPIException
java.lang.NoClassDefFoundError: org/eclipse/jgit/api/errors/GitAPIException
	at com.polarion.platform.repository.external.internal.git.GitExternalRepositoryProvider.getRepository(GitExternalRepositoryProvider.java:80)
	at $IExternalRepositoryProvider_12fde2a88b0.getRepository($IExternalRepositoryProvider_12fde2a88b0.java)
	at com.polarion.platform.repository.external.internal.ExternalRepositoryProviderRegistry.refreshContext(ExternalRepositoryProviderRegistry.java:175)
	at com.polarion.platform.repository.external.internal.ExternalRepositoryProviderRegistry.initialize(ExternalRepositoryProviderRegistry.java:131)
	at $IExternalRepositoryProviderRegistry_12fde2a8825.initialize($IExternalRepositoryProviderRegistry_12fde2a8825.java)
	at $IExternalRepositoryProviderRegistry_12fde2a8824.initialize($IExternalRepositoryProviderRegistry_12fde2a8824.java)
	at com.polarion.platform.persistence.internal.pe.RevisionsPersistenceModule.initModule(RevisionsPersistenceModule.java:347)
	at $IObjectPersistenceModule_12fde2a8858.initModule($IObjectPersistenceModule_12fde2a8858.java)
	at com.polarion.subterra.persistence.internal.PersistenceEngine.initModule(PersistenceEngine.java:316)
	at $IPersistenceEngine_12fde2a8840.initModule($IPersistenceEngine_12fde2a8840.java)
	at com.polarion.platform.persistence.internal.pe.LowLevelDataService.initializeService(LowLevelDataService.java:342)
	at sun.reflect.NativeMethodAccessorImpl.invoke0(Native Method)
	at sun.reflect.NativeMethodAccessorImpl.invoke(NativeMethodAccessorImpl.java:39)
	at sun.reflect.DelegatingMethodAccessorImpl.invoke(DelegatingMethodAccessorImpl.java:25)
	at java.lang.reflect.Method.invoke(Method.java:597)
	at org.apache.hivemind.service.impl.BuilderFactoryLogic.findAndInvokeInitializerMethod(BuilderFactoryLogic.java:275)
	at org.apache.hivemind.service.impl.BuilderFactoryLogic.invokeInitializer(BuilderFactoryLogic.java:249)
	at org.apache.hivemind.service.impl.BuilderFactoryLogic.createService(BuilderFactoryLogic.java:81)
	at org.apache.hivemind.service.impl.BuilderFactory.createCoreServiceImplementation(BuilderFactory.java:42)
	at org.apache.hivemind.impl.InvokeFactoryServiceConstructor.constructCoreServiceImplementation(InvokeFactoryServiceConstructor.java:62)
	at org.apache.hivemind.impl.servicemodel.AbstractServiceModelImpl.constructCoreServiceImplementation(AbstractServiceModelImpl.java:108)
	at org.apache.hivemind.impl.servicemodel.AbstractServiceModelImpl.constructNewServiceImplementation(AbstractServiceModelImpl.java:158)
	at org.apache.hivemind.impl.servicemodel.AbstractServiceModelImpl.constructServiceImplementation(AbstractServiceModelImpl.java:140)
	at org.apache.hivemind.impl.servicemodel.SingletonServiceModel.getActualServiceImplementation(SingletonServiceModel.java:69)
	at $ILowLevelPersistence_12fde2a8821._service($ILowLevelPersistence_12fde2a8821.java)
	at $ILowLevelPersistence_12fde2a8821.searchDataObjects($ILowLevelPersistence_12fde2a8821.java)
	at $ILowLevelPersistence_12fde2a8820.searchDataObjects($ILowLevelPersistence_12fde2a8820.java)
	at com.polarion.platform.persistence.internal.DataService.searchInstances(DataService.java:230)
	at com.polarion.platform.persistence.internal.DataService.getInstancesCount(DataService.java:692)
	at $IDataService_12fde2a8788.getInstancesCount($IDataService_12fde2a8788.java)
	at $IDataService_12fde2a8787.getInstancesCount($IDataService_12fde2a8787.java)
	at com.polarion.alm.projects.internal.ProjectService.countProjects(ProjectService.java:237)
	at $IProjectService_12fde2a8785.countProjects($IProjectService_12fde2a8785.java)
	at com.polarion.psvn.launcher.internal.platform.PlatformService$1.run(PlatformService.java:350)
	at java.security.AccessController.doPrivileged(Native Method)
	at javax.security.auth.Subject.doAs(Subject.java:396)
	at com.polarion.platform.internal.security.SecurityService.doAsUser(SecurityService.java:342)
	at com.polarion.platform.internal.security.SecurityService.doAsSystemUser(SecurityService.java:331)
	at $ISecurityService_12fde2a8792.doAsSystemUser($ISecurityService_12fde2a8792.java)
	at $ISecurityService_12fde2a8791.doAsSystemUser($ISecurityService_12fde2a8791.java)
	at com.polarion.psvn.launcher.internal.platform.PlatformService.bootPlatform(PlatformService.java:341)
	at com.polarion.psvn.launcher.internal.platform.PlatformService.start(PlatformService.java:84)
	at com.polarion.psvn.launcher.PolarionSVNApplication.run(PolarionSVNApplication.java:196)
	at com.polarion.core.boot.launchers.BasicAppLauncher.launch(BasicAppLauncher.java:53)
	at com.polarion.core.boot.impl.AppLaunchersManager.run(AppLaunchersManager.java:182)
	at org.eclipse.core.internal.runtime.PlatformActivator$1.run(PlatformActivator.java:226)
	at org.eclipse.core.runtime.adaptor.EclipseStarter.run(EclipseStarter.java:376)
	at org.eclipse.core.runtime.adaptor.EclipseStarter.run(EclipseStarter.java:163)
	at sun.reflect.NativeMethodAccessorImpl.invoke0(Native Method)
	at sun.reflect.NativeMethodAccessorImpl.invoke(NativeMethodAccessorImpl.java:39)
	at sun.reflect.DelegatingMethodAccessorImpl.invoke(DelegatingMethodAccessorImpl.java:25)
	at java.lang.reflect.Method.invoke(Method.java:597)
	at org.eclipse.core.launcher.Main.invokeFramework(Main.java:334)
	at org.eclipse.core.launcher.Main.basicRun(Main.java:278)
	at org.eclipse.core.launcher.Main.run(Main.java:973)
	at org.eclipse.core.launcher.Main.main(Main.java:948)
Caused by: java.lang.ClassNotFoundException: org.eclipse.jgit.api.errors.GitAPIException
	at org.eclipse.osgi.framework.internal.core.BundleLoader.findClass(BundleLoader.java:405)
	at org.eclipse.osgi.framework.internal.core.BundleLoader.findClass(BundleLoader.java:350)
	at org.eclipse.osgi.framework.adaptor.core.AbstractClassLoader.loadClass(AbstractClassLoader.java:78)
	at java.lang.ClassLoader.loadClass(ClassLoader.java:248)
	... 56 more
